c:\users\ale_a\onedrive\documents\github\ejemplo-c-motorgrafico\enginelib\release\vc141.pdb
c:\users\ale_a\onedrive\documents\github\ejemplo-c-motorgrafico\enginelib\release\sprite.obj
c:\users\ale_a\onedrive\documents\github\ejemplo-c-motorgrafico\enginelib\release\renderer.obj
c:\users\ale_a\onedrive\documents\github\ejemplo-c-motorgrafico\enginelib\release\quad.obj
c:\users\ale_a\onedrive\documents\github\ejemplo-c-motorgrafico\enginelib\release\timer.obj
c:\users\ale_a\onedrive\documents\github\ejemplo-c-motorgrafico\enginelib\release\pg2_vertexbuffer.obj
c:\users\ale_a\onedrive\documents\github\ejemplo-c-motorgrafico\enginelib\release\pg2_indexbuffer.obj
c:\users\ale_a\onedrive\documents\github\ejemplo-c-motorgrafico\enginelib\release\node.obj
c:\users\ale_a\onedrive\documents\github\ejemplo-c-motorgrafico\enginelib\release\mesh.obj
c:\users\ale_a\onedrive\documents\github\ejemplo-c-motorgrafico\enginelib\release\input.obj
c:\users\ale_a\onedrive\documents\github\ejemplo-c-motorgrafico\enginelib\release\importerpg2.obj
c:\users\ale_a\onedrive\documents\github\ejemplo-c-motorgrafico\enginelib\release\game.obj
c:\users\ale_a\onedrive\documents\github\ejemplo-c-motorgrafico\enginelib\release\entity3d.obj
c:\users\ale_a\onedrive\documents\github\ejemplo-c-motorgrafico\enginelib\release\entity2d.obj
c:\users\ale_a\onedrive\documents\github\ejemplo-c-motorgrafico\enginelib\release\engine.obj
c:\users\ale_a\onedrive\documents\github\ejemplo-c-motorgrafico\enginelib\release\directinput.obj
c:\users\ale_a\onedrive\documents\github\ejemplo-c-motorgrafico\enginelib\release\camera.obj
c:\users\ale_a\onedrive\documents\github\ejemplo-c-motorgrafico\enginelib\release\bspmanager.obj
c:\users\ale_a\onedrive\documents\github\ejemplo-c-motorgrafico\enginelib\release\bplane.obj
c:\users\ale_a\onedrive\documents\github\ejemplo-c-motorgrafico\enginelib\release\animation.obj
c:\users\ale_a\onedrive\documents\github\ejemplo-c-motorgrafico\enginelib\release\boundingvolumes.obj
c:\users\ale_a\onedrive\documents\github\ejemplo-c-motorgrafico\enginelib\release\windowlib.obj
c:\users\ale_a\onedrive\documents\github\ejemplo-c-motorgrafico\enginelib\release\vertexbuffer2d.obj
c:\users\ale_a\onedrive\documents\github\ejemplo-c-motorgrafico\enginelib\release\tinyxml2.obj
c:\users\ale_a\onedrive\documents\github\ejemplo-c-motorgrafico\release\enginelib.lib
c:\users\ale_a\onedrive\documents\github\ejemplo-c-motorgrafico\release\enginelib.exp
c:\users\ale_a\onedrive\documents\github\ejemplo-c-motorgrafico\release\enginelib.ipdb
c:\users\ale_a\onedrive\documents\github\ejemplo-c-motorgrafico\release\enginelib.iobj
c:\users\ale_a\onedrive\documents\github\ejemplo-c-motorgrafico\release\enginelib.dll
c:\users\ale_a\onedrive\documents\github\ejemplo-c-motorgrafico\release\enginelib.pdb
c:\users\ale_a\onedrive\documents\github\ejemplo-c-motorgrafico\enginelib\release\enginelib.tlog\cl.command.1.tlog
c:\users\ale_a\onedrive\documents\github\ejemplo-c-motorgrafico\enginelib\release\enginelib.tlog\cl.read.1.tlog
c:\users\ale_a\onedrive\documents\github\ejemplo-c-motorgrafico\enginelib\release\enginelib.tlog\cl.write.1.tlog
c:\users\ale_a\onedrive\documents\github\ejemplo-c-motorgrafico\enginelib\release\enginelib.tlog\enginelib.write.1u.tlog
c:\users\ale_a\onedrive\documents\github\ejemplo-c-motorgrafico\enginelib\release\enginelib.tlog\link.command.1.tlog
c:\users\ale_a\onedrive\documents\github\ejemplo-c-motorgrafico\enginelib\release\enginelib.tlog\link.read.1.tlog
c:\users\ale_a\onedrive\documents\github\ejemplo-c-motorgrafico\enginelib\release\enginelib.tlog\link.write.1.tlog
